<?xml version="1.0" encoding="UTF-8"?>
<testng-results skipped="0" failed="0" ignored="0" total="1" passed="1">
  <reporter-output>
  </reporter-output>
  <suite name="Test Suite: Bank Loan Automation Test Suite" duration-ms="20657" started-at="2018-04-06T11:00:17Z" finished-at="2018-04-06T11:00:38Z">
    <groups>
    </groups>
    <test name="Bank Loan Tests" duration-ms="20657" started-at="2018-04-06T11:00:17Z" finished-at="2018-04-06T11:00:38Z">
      <class name="com.bank.test.BankTestSuite">
        <test-method status="PASS" signature="beforeSuiteExtentSetup()[pri:0, instance:com.bank.test.BankTestSuite@239963d8]" name="beforeSuiteExtentSetup" is-config="true" duration-ms="134" started-at="2018-04-06T11:00:17Z" finished-at="2018-04-06T11:00:17Z">
          <reporter-output>
          </reporter-output>
        </test-method> <!-- beforeSuiteExtentSetup -->
        <test-method status="PASS" signature="setUp(java.lang.String)[pri:0, instance:com.bank.test.BankTestSuite@239963d8]" name="setUp" is-config="true" duration-ms="4370" started-at="2018-04-06T11:00:17Z" finished-at="2018-04-06T11:00:22Z">
          <params>
            <param index="0">
              <value>
                <![CDATA[Chrome]]>
              </value>
            </param>
          </params>
          <reporter-output>
          </reporter-output>
        </test-method> <!-- setUp -->
        <test-method status="PASS" signature="beforeMethodExtentSetup(java.lang.reflect.Method)[pri:0, instance:com.bank.test.BankTestSuite@239963d8]" name="beforeMethodExtentSetup" is-config="true" duration-ms="5261" started-at="2018-04-06T11:00:22Z" finished-at="2018-04-06T11:00:27Z">
          <params>
            <param index="0">
              <value>
                <![CDATA[public void com.bank.test.BankTestSuite.VerifyGuestUserLogin() throws java.lang.InterruptedException]]>
              </value>
            </param>
          </params>
          <reporter-output>
          </reporter-output>
        </test-method> <!-- beforeMethodExtentSetup -->
        <test-method status="PASS" signature="VerifyGuestUserLogin()[pri:0, instance:com.bank.test.BankTestSuite@239963d8]" name="VerifyGuestUserLogin" duration-ms="8909" started-at="2018-04-06T11:00:27Z" finished-at="2018-04-06T11:00:36Z">
          <reporter-output>
          </reporter-output>
        </test-method> <!-- VerifyGuestUserLogin -->
        <test-method status="PASS" signature="getResult(org.testng.ITestResult)[pri:0, instance:com.bank.test.BankTestSuite@239963d8]" name="getResult" is-config="true" duration-ms="6" started-at="2018-04-06T11:00:36Z" finished-at="2018-04-06T11:00:36Z">
          <params>
            <param index="0">
              <value>
                <![CDATA[[TestResult name=VerifyGuestUserLogin status=SUCCESS method=BankTestSuite.VerifyGuestUserLogin()[pri:0, instance:com.bank.test.BankTestSuite@239963d8] output={null}]]]>
              </value>
            </param>
          </params>
          <reporter-output>
          </reporter-output>
        </test-method> <!-- getResult -->
        <test-method status="PASS" signature="tearDown()[pri:0, instance:com.bank.test.BankTestSuite@239963d8]" name="tearDown" is-config="true" duration-ms="2085" started-at="2018-04-06T11:00:36Z" finished-at="2018-04-06T11:00:38Z">
          <reporter-output>
          </reporter-output>
        </test-method> <!-- tearDown -->
        <test-method status="PASS" signature="endReport()[pri:0, instance:com.bank.test.BankTestSuite@239963d8]" name="endReport" is-config="true" duration-ms="290" started-at="2018-04-06T11:00:38Z" finished-at="2018-04-06T11:00:38Z">
          <reporter-output>
          </reporter-output>
        </test-method> <!-- endReport -->
      </class> <!-- com.bank.test.BankTestSuite -->
    </test> <!-- Bank Loan Tests -->
  </suite> <!-- Test Suite: Bank Loan Automation Test Suite -->
</testng-results>
